Build started 9/5/2016 10:36:10 PM.
     1>Project "C:\Users\kbender\Documents\GitHub\OnScreenKeyboard\OnScreenKeyboard\OnScrKeyboard\OnScrKeyboard\OnScrKeyboard.vcxproj" on node 2 (Rebuild target(s)).
     1>ClCompile:
         C:\Program Files (x86)\Microsoft Visual Studio 14.0\VC\bin\CL.exe /c /Zi /nologo /W3 /WX- /O2 /Oi /Oy- /GL /D WIN32 /D NDEBUG /D _CONSOLE /D _UNICODE /D UNICODE /Gm- /EHsc /MD /GS /Gy /fp:precise /Zc:wchar_t /Zc:forScope /Zc:inline /Fo"Release\\" /Fd"Release\vc140.pdb" /Gd /TP /analyze- /errorReport:prompt FileUtility.cpp Keyboard.cpp main.cpp stdafx.cpp
         FileUtility.cpp
         Keyboard.cpp
     1>Keyboard.cpp(52): warning C4018: '<': signed/unsigned mismatch
     1>Keyboard.cpp(85): warning C4018: '<': signed/unsigned mismatch
         main.cpp
         stdafx.cpp
       Link:
         C:\Program Files (x86)\Microsoft Visual Studio 14.0\VC\bin\link.exe /ERRORREPORT:PROMPT /OUT:"C:\Users\kbender\Documents\GitHub\OnScreenKeyboard\OnScreenKeyboard\OnScrKeyboard\Release\OnScrKeyboard.exe" /INCREMENTAL:NO /NOLOGO kernel32.lib user32.lib gdi32.lib winspool.lib comdlg32.lib advapi32.lib shell32.lib ole32.lib oleaut32.lib uuid.lib odbc32.lib odbccp32.lib /MANIFEST /MANIFESTUAC:"level='asInvoker' uiAccess='false'" /manifest:embed /Debug /PDB:"C:\Users\kbender\Documents\GitHub\OnScreenKeyboard\OnScreenKeyboard\OnScrKeyboard\Release\OnScrKeyboard.pdb" /SUBSYSTEM:CONSOLE /OPT:REF /OPT:ICF /LTCG:incremental /TLBID:1 /DYNAMICBASE /NXCOMPAT /IMPLIB:"C:\Users\kbender\Documents\GitHub\OnScreenKeyboard\OnScreenKeyboard\OnScrKeyboard\Release\OnScrKeyboard.lib" /MACHINE:X86 /SAFESEH Release\FileUtility.obj
         Release\Keyboard.obj
         Release\main.obj
         Release\stdafx.obj
         Generating code
         All 471 functions were compiled because no usable IPDB/IOBJ from previous compilation was found.
         Finished generating code
         OnScrKeyboard.vcxproj -> C:\Users\kbender\Documents\GitHub\OnScreenKeyboard\OnScreenKeyboard\OnScrKeyboard\Release\OnScrKeyboard.exe
     1>Done Building Project "C:\Users\kbender\Documents\GitHub\OnScreenKeyboard\OnScreenKeyboard\OnScrKeyboard\OnScrKeyboard\OnScrKeyboard.vcxproj" (Rebuild target(s)).

Build succeeded.

Time Elapsed 00:00:01.68
